<?xml version="1.0" encoding="utf-8"?><testsuites name="pytest tests"><testsuite name="pytest" errors="0" failures="0" skipped="0" tests="19" time="2.778" timestamp="2026-05-09T09:56:43.648025+00:00" hostname="agent-env-cdc2dac4-e7e9-404a-b61e-43434ceff1f3"><testcase classname="backend.tests.test_gew_erp_v2.TestUploads" name="test_upload_unauth" time="0.262" /><testcase classname="backend.tests.test_gew_erp_v2.TestUploads" name="test_upload_png_ok" time="0.516" /><testcase classname="backend.tests.test_gew_erp_v2.TestUploads" name="test_upload_rejects_text" time="0.046" /><testcase classname="backend.tests.test_gew_erp_v2.TestUploads" name="test_upload_rejects_oversize" time="0.300" /><testcase classname="backend.tests.test_gew_erp_v2.TestUploads" name="test_serve_file_unauth" time="0.137" /><testcase classname="backend.tests.test_gew_erp_v2.TestUploads" name="test_serve_file_ok" time="0.143" /><testcase classname="backend.tests.test_gew_erp_v2.TestUploads" name="test_serve_unknown_404" time="0.080" /><testcase classname="backend.tests.test_gew_erp_v2.TestProductImagePath" name="test_create_with_image_path" time="0.136" /><testcase classname="backend.tests.test_gew_erp_v2.TestMultiCurrency" name="test_quotation_default_inr" time="0.141" /><testcase classname="backend.tests.test_gew_erp_v2.TestMultiCurrency" name="test_quotation_usd" time="0.051" /><testcase classname="backend.tests.test_gew_erp_v2.TestMultiCurrency" name="test_sales_order_aed" time="0.048" /><testcase classname="backend.tests.test_gew_erp_v2.TestMultiCurrency" name="test_invoice_eur" time="0.045" /><testcase classname="backend.tests.test_gew_erp_v2.TestMultiCurrency" name="test_no_id_leaked" time="0.267" /><testcase classname="backend.tests.test_gew_erp_v2.TestPDFs" name="test_quotation_pdf_unauth" time="0.134" /><testcase classname="backend.tests.test_gew_erp_v2.TestPDFs" name="test_quotation_pdf_404" time="0.044" /><testcase classname="backend.tests.test_gew_erp_v2.TestPDFs" name="test_quotation_pdf_ok" time="0.052" /><testcase classname="backend.tests.test_gew_erp_v2.TestPDFs" name="test_so_pdf_ok" time="0.060" /><testcase classname="backend.tests.test_gew_erp_v2.TestPDFs" name="test_invoice_pdf_ok" time="0.049" /><testcase classname="backend.tests.test_gew_erp_v2.TestPDFs" name="test_dispatch_pdf_ok" time="0.185" /></testsuite></testsuites>