<?xml version="1.0" encoding="utf-8"?><testsuites name="pytest tests"><testsuite name="pytest" errors="0" failures="0" skipped="0" tests="22" time="2.995" timestamp="2026-05-09T10:47:46.755154+00:00" hostname="agent-env-cdc2dac4-e7e9-404a-b61e-43434ceff1f3"><testcase classname="backend.tests.test_gew_erp_v3.TestPIAuth" name="test_list_unauth" time="0.298" /><testcase classname="backend.tests.test_gew_erp_v3.TestPIAuth" name="test_create_unauth" time="0.353" /><testcase classname="backend.tests.test_gew_erp_v3.TestPIAuth" name="test_pdf_unauth" time="0.097" /><testcase classname="backend.tests.test_gew_erp_v3.TestPICrud" name="test_create_auto_number" time="0.410" /><testcase classname="backend.tests.test_gew_erp_v3.TestPICrud" name="test_create_explicit_pi_number" time="0.056" /><testcase classname="backend.tests.test_gew_erp_v3.TestPICrud" name="test_create_eur" time="0.045" /><testcase classname="backend.tests.test_gew_erp_v3.TestPICrud" name="test_get_one" time="0.048" /><testcase classname="backend.tests.test_gew_erp_v3.TestPICrud" name="test_get_404" time="0.057" /><testcase classname="backend.tests.test_gew_erp_v3.TestPICrud" name="test_list_sorted" time="0.052" /><testcase classname="backend.tests.test_gew_erp_v3.TestPICrud" name="test_search_q" time="0.048" /><testcase classname="backend.tests.test_gew_erp_v3.TestPICrud" name="test_search_country" time="0.046" /><testcase classname="backend.tests.test_gew_erp_v3.TestPICrud" name="test_update_recomputes" time="0.095" /><testcase classname="backend.tests.test_gew_erp_v3.TestPIDelete" name="test_employee_cannot_delete" time="0.763" /><testcase classname="backend.tests.test_gew_erp_v3.TestPIDelete" name="test_admin_can_delete" time="0.135" /><testcase classname="backend.tests.test_gew_erp_v3.TestPIPDF" name="test_pdf_404" time="0.044" /><testcase classname="backend.tests.test_gew_erp_v3.TestPIPDF" name="test_pdf_usd" time="0.054" /><testcase classname="backend.tests.test_gew_erp_v3.TestPIPDF" name="test_pdf_eur_currency" time="0.055" /><testcase classname="backend.tests.test_gew_erp_v3.TestRegression" name="test_auth_me" time="0.043" /><testcase classname="backend.tests.test_gew_erp_v3.TestRegression" name="test_products_list" time="0.046" /><testcase classname="backend.tests.test_gew_erp_v3.TestRegression" name="test_invoices_list" time="0.049" /><testcase classname="backend.tests.test_gew_erp_v3.TestRegression" name="test_quotations_list" time="0.066" /><testcase classname="backend.tests.test_gew_erp_v3.TestRegression" name="test_no_id_in_pi_list" time="0.047" /></testsuite></testsuites>