<?xml version="1.0" encoding="utf-8"?><testsuites name="pytest tests"><testsuite name="pytest" errors="0" failures="0" skipped="0" tests="20" time="4.551" timestamp="2026-05-09T09:56:51.425022+00:00" hostname="agent-env-cdc2dac4-e7e9-404a-b61e-43434ceff1f3"><testcase classname="backend.tests.test_gew_erp.TestAuth" name="test_root" time="0.120" /><testcase classname="backend.tests.test_gew_erp.TestAuth" name="test_login_success_and_no_id" time="0.378" /><testcase classname="backend.tests.test_gew_erp.TestAuth" name="test_login_invalid" time="0.319" /><testcase classname="backend.tests.test_gew_erp.TestAuth" name="test_unauth_protected" time="0.096" /><testcase classname="backend.tests.test_gew_erp.TestAuth" name="test_logout" time="0.402" /><testcase classname="backend.tests.test_gew_erp.TestWarehouses" name="test_create_list" time="0.099" /><testcase classname="backend.tests.test_gew_erp.TestWarehouses" name="test_update_delete" time="0.147" /><testcase classname="backend.tests.test_gew_erp.TestProducts" name="test_list_seeded" time="0.051" /><testcase classname="backend.tests.test_gew_erp.TestProducts" name="test_low_stock_filter" time="0.053" /><testcase classname="backend.tests.test_gew_erp.TestProducts" name="test_crud_and_sku_unique" time="0.343" /><testcase classname="backend.tests.test_gew_erp.TestSimpleCRUD" name="test_supplier" time="0.102" /><testcase classname="backend.tests.test_gew_erp.TestSimpleCRUD" name="test_customer" time="0.049" /><testcase classname="backend.tests.test_gew_erp.TestLeads" name="test_lead_flow" time="0.189" /><testcase classname="backend.tests.test_gew_erp.TestPurchaseOrders" name="test_po_create_receive" time="0.304" /><testcase classname="backend.tests.test_gew_erp.TestSalesFlow" name="test_full_sales_flow" time="0.541" /><testcase classname="backend.tests.test_gew_erp.TestSalesFlow" name="test_so_insufficient_stock" time="0.191" /><testcase classname="backend.tests.test_gew_erp.TestDashboard" name="test_summary" time="0.052" /><testcase classname="backend.tests.test_gew_erp.TestDashboard" name="test_reports" time="0.150" /><testcase classname="backend.tests.test_gew_erp.TestUsersAdmin" name="test_create_employee_and_role_check" time="0.849" /><testcase classname="backend.tests.test_gew_erp.TestUsersAdmin" name="test_admin_cannot_self_delete" time="0.048" /></testsuite></testsuites>